<?xml version="1.0" encoding="UTF-8"?>
<!-- Generated by org.testng.reporters.JUnitReportReporter -->
<testsuite hostname="DESKTOP-1LL1293" failures="0" tests="1" name="com.framework.SignUpPageTest" time="50.247" errors="0" timestamp="2022-06-08T19:18:27 IST" skipped="0">
  <testcase classname="com.framework.SignUpPageTest" name="verifyMobileNumberInPlaceOfFullName" time="50.247"/>
  <system-out/>
</testsuite> <!-- com.framework.SignUpPageTest -->
