<?xml version="1.0" encoding="UTF-8"?>
<!-- Generated by org.testng.reporters.JUnitReportReporter -->
<testsuite hostname="DESKTOP-1LL1293" failures="0" tests="1" name="com.framework.HomePageTests" time="67.517" errors="0" timestamp="2022-06-09T16:36:17 IST" skipped="0">
  <testcase classname="com.framework.HomePageTests" name="VerifyHomePageTitle" time="67.517"/>
  <system-out/>
</testsuite> <!-- com.framework.HomePageTests -->
